[2015-12-17 00:00:09,432][INFO ][cluster.metadata         ] [Prodigy] [.marvel-2015.12.17] creating index, cause [auto(bulk api)], shards [1]/[1], mappings [indices_stats, cluster_stats, node_stats, shard_event, node_event, index_event, index_stats, _default_, cluster_state, cluster_event, routing_event]
[2015-12-17 00:00:09,619][INFO ][cluster.metadata         ] [Prodigy] [.marvel-2015.12.17] update_mapping [node_stats] (dynamic)
[2015-12-17 00:00:09,770][INFO ][cluster.metadata         ] [Prodigy] [.marvel-2015.12.17] update_mapping [index_event] (dynamic)
[2015-12-17 00:00:09,967][INFO ][cluster.metadata         ] [Prodigy] [.marvel-2015.12.17] update_mapping [routing_event] (dynamic)
[2015-12-17 00:00:09,969][INFO ][cluster.metadata         ] [Prodigy] [.marvel-2015.12.17] update_mapping [cluster_event] (dynamic)
[2015-12-17 00:00:09,973][INFO ][cluster.metadata         ] [Prodigy] [.marvel-2015.12.17] update_mapping [shard_event] (dynamic)
[2015-12-17 00:00:09,975][INFO ][cluster.metadata         ] [Prodigy] [.marvel-2015.12.17] update_mapping [cluster_state] (dynamic)
[2015-12-17 00:00:10,171][INFO ][cluster.metadata         ] [Prodigy] [.marvel-2015.12.17] update_mapping [indices_stats] (dynamic)
[2015-12-17 00:00:10,360][INFO ][cluster.metadata         ] [Prodigy] [.marvel-2015.12.17] update_mapping [index_stats] (dynamic)
[2015-12-17 00:00:10,576][INFO ][cluster.metadata         ] [Prodigy] [.marvel-2015.12.17] update_mapping [cluster_stats] (dynamic)
[2015-12-17 17:43:40,438][DEBUG][action.admin.indices.stats] [Prodigy] [.marvel-2015.12.16][0], node[M5VtNW5qSn-By0RPf-3rFQ], [P], s[STARTED]: failed to execute [org.elasticsearch.action.admin.indices.stats.IndicesStatsRequest@6687d615]
org.elasticsearch.ElasticsearchException: io exception while building 'store stats'
	at org.elasticsearch.index.shard.service.InternalIndexShard.storeStats(InternalIndexShard.java:542)
	at org.elasticsearch.action.admin.indices.stats.CommonStats.<init>(CommonStats.java:134)
	at org.elasticsearch.action.admin.indices.stats.ShardStats.<init>(ShardStats.java:49)
	at org.elasticsearch.action.admin.indices.stats.TransportIndicesStatsAction.shardOperation(TransportIndicesStatsAction.java:205)
	at org.elasticsearch.action.admin.indices.stats.TransportIndicesStatsAction.shardOperation(TransportIndicesStatsAction.java:56)
	at org.elasticsearch.action.support.broadcast.TransportBroadcastOperationAction$AsyncBroadcastAction$1.run(TransportBroadcastOperationAction.java:171)
	at java.util.concurrent.ThreadPoolExecutor.runWorker(ThreadPoolExecutor.java:1145)
	at java.util.concurrent.ThreadPoolExecutor$Worker.run(ThreadPoolExecutor.java:615)
	at java.lang.Thread.run(Thread.java:745)
Caused by: org.apache.lucene.store.NoSuchDirectoryException: directory '/home/ubuntu/workspace/elasticsearch-1.4.4/data/elasticsearch/nodes/0/indices/.marvel-2015.12.16/0/index' does not exist
	at org.apache.lucene.store.FSDirectory.listAll(FSDirectory.java:218)
	at org.apache.lucene.store.FSDirectory.listAll(FSDirectory.java:242)
	at org.apache.lucene.store.FileSwitchDirectory.listAll(FileSwitchDirectory.java:87)
	at org.apache.lucene.store.FilterDirectory.listAll(FilterDirectory.java:48)
	at org.elasticsearch.index.store.DistributorDirectory.listAll(DistributorDirectory.java:88)
	at org.apache.lucene.store.FilterDirectory.listAll(FilterDirectory.java:48)
	at org.elasticsearch.common.lucene.Directories.estimateSize(Directories.java:40)
	at org.elasticsearch.index.store.Store.stats(Store.java:216)
	at org.elasticsearch.index.shard.service.InternalIndexShard.storeStats(InternalIndexShard.java:540)
	... 8 more
[2015-12-17 17:43:40,444][DEBUG][action.admin.indices.stats] [Prodigy] [imis][0], node[M5VtNW5qSn-By0RPf-3rFQ], [P], s[STARTED]: failed to execute [org.elasticsearch.action.admin.indices.stats.IndicesStatsRequest@6687d615]
org.elasticsearch.ElasticsearchException: io exception while building 'store stats'
	at org.elasticsearch.index.shard.service.InternalIndexShard.storeStats(InternalIndexShard.java:542)
	at org.elasticsearch.action.admin.indices.stats.CommonStats.<init>(CommonStats.java:134)
	at org.elasticsearch.action.admin.indices.stats.ShardStats.<init>(ShardStats.java:49)
	at org.elasticsearch.action.admin.indices.stats.TransportIndicesStatsAction.shardOperation(TransportIndicesStatsAction.java:205)
	at org.elasticsearch.action.admin.indices.stats.TransportIndicesStatsAction.shardOperation(TransportIndicesStatsAction.java:56)
	at org.elasticsearch.action.support.broadcast.TransportBroadcastOperationAction$AsyncBroadcastAction$1.run(TransportBroadcastOperationAction.java:171)
	at java.util.concurrent.ThreadPoolExecutor.runWorker(ThreadPoolExecutor.java:1145)
	at java.util.concurrent.ThreadPoolExecutor$Worker.run(ThreadPoolExecutor.java:615)
	at java.lang.Thread.run(Thread.java:745)
Caused by: org.apache.lucene.store.NoSuchDirectoryException: directory '/home/ubuntu/workspace/elasticsearch-1.4.4/data/elasticsearch/nodes/0/indices/imis/0/index' does not exist
	at org.apache.lucene.store.FSDirectory.listAll(FSDirectory.java:218)
	at org.apache.lucene.store.FSDirectory.listAll(FSDirectory.java:242)
	at org.apache.lucene.store.FileSwitchDirectory.listAll(FileSwitchDirectory.java:87)
	at org.apache.lucene.store.FilterDirectory.listAll(FilterDirectory.java:48)
	at org.elasticsearch.index.store.DistributorDirectory.listAll(DistributorDirectory.java:88)
	at org.apache.lucene.store.FilterDirectory.listAll(FilterDirectory.java:48)
	at org.elasticsearch.common.lucene.Directories.estimateSize(Directories.java:40)
	at org.elasticsearch.index.store.Store.stats(Store.java:216)
	at org.elasticsearch.index.shard.service.InternalIndexShard.storeStats(InternalIndexShard.java:540)
	... 8 more
[2015-12-17 17:43:40,445][DEBUG][action.admin.indices.stats] [Prodigy] [blog][1], node[M5VtNW5qSn-By0RPf-3rFQ], [P], s[STARTED]: failed to execute [org.elasticsearch.action.admin.indices.stats.IndicesStatsRequest@6687d615]
org.elasticsearch.ElasticsearchException: io exception while building 'store stats'
	at org.elasticsearch.index.shard.service.InternalIndexShard.storeStats(InternalIndexShard.java:542)
	at org.elasticsearch.action.admin.indices.stats.CommonStats.<init>(CommonStats.java:134)
	at org.elasticsearch.action.admin.indices.stats.ShardStats.<init>(ShardStats.java:49)
	at org.elasticsearch.action.admin.indices.stats.TransportIndicesStatsAction.shardOperation(TransportIndicesStatsAction.java:205)
	at org.elasticsearch.action.admin.indices.stats.TransportIndicesStatsAction.shardOperation(TransportIndicesStatsAction.java:56)
	at org.elasticsearch.action.support.broadcast.TransportBroadcastOperationAction$AsyncBroadcastAction$1.run(TransportBroadcastOperationAction.java:171)
	at java.util.concurrent.ThreadPoolExecutor.runWorker(ThreadPoolExecutor.java:1145)
	at java.util.concurrent.ThreadPoolExecutor$Worker.run(ThreadPoolExecutor.java:615)
	at java.lang.Thread.run(Thread.java:745)
Caused by: org.apache.lucene.store.NoSuchDirectoryException: directory '/home/ubuntu/workspace/elasticsearch-1.4.4/data/elasticsearch/nodes/0/indices/blog/1/index' does not exist
	at org.apache.lucene.store.FSDirectory.listAll(FSDirectory.java:218)
	at org.apache.lucene.store.FSDirectory.listAll(FSDirectory.java:242)
	at org.apache.lucene.store.FileSwitchDirectory.listAll(FileSwitchDirectory.java:87)
	at org.apache.lucene.store.FilterDirectory.listAll(FilterDirectory.java:48)
	at org.elasticsearch.index.store.DistributorDirectory.listAll(DistributorDirectory.java:88)
	at org.apache.lucene.store.FilterDirectory.listAll(FilterDirectory.java:48)
	at org.elasticsearch.common.lucene.Directories.estimateSize(Directories.java:40)
	at org.elasticsearch.index.store.Store.stats(Store.java:216)
	at org.elasticsearch.index.shard.service.InternalIndexShard.storeStats(InternalIndexShard.java:540)
	... 8 more
[2015-12-17 17:43:40,445][DEBUG][action.admin.indices.stats] [Prodigy] [imis][1], node[M5VtNW5qSn-By0RPf-3rFQ], [P], s[STARTED]: failed to execute [org.elasticsearch.action.admin.indices.stats.IndicesStatsRequest@6687d615]
org.elasticsearch.ElasticsearchException: io exception while building 'store stats'
	at org.elasticsearch.index.shard.service.InternalIndexShard.storeStats(InternalIndexShard.java:542)
	at org.elasticsearch.action.admin.indices.stats.CommonStats.<init>(CommonStats.java:134)
	at org.elasticsearch.action.admin.indices.stats.ShardStats.<init>(ShardStats.java:49)
	at org.elasticsearch.action.admin.indices.stats.TransportIndicesStatsAction.shardOperation(TransportIndicesStatsAction.java:205)
	at org.elasticsearch.action.admin.indices.stats.TransportIndicesStatsAction.shardOperation(TransportIndicesStatsAction.java:56)
	at org.elasticsearch.action.support.broadcast.TransportBroadcastOperationAction$AsyncBroadcastAction$1.run(TransportBroadcastOperationAction.java:171)
	at java.util.concurrent.ThreadPoolExecutor.runWorker(ThreadPoolExecutor.java:1145)
	at java.util.concurrent.ThreadPoolExecutor$Worker.run(ThreadPoolExecutor.java:615)
	at java.lang.Thread.run(Thread.java:745)
Caused by: org.apache.lucene.store.NoSuchDirectoryException: directory '/home/ubuntu/workspace/elasticsearch-1.4.4/data/elasticsearch/nodes/0/indices/imis/1/index' does not exist
	at org.apache.lucene.store.FSDirectory.listAll(FSDirectory.java:218)
	at org.apache.lucene.store.FSDirectory.listAll(FSDirectory.java:242)
	at org.apache.lucene.store.FileSwitchDirectory.listAll(FileSwitchDirectory.java:87)
	at org.apache.lucene.store.FilterDirectory.listAll(FilterDirectory.java:48)
	at org.elasticsearch.index.store.DistributorDirectory.listAll(DistributorDirectory.java:88)
	at org.apache.lucene.store.FilterDirectory.listAll(FilterDirectory.java:48)
	at org.elasticsearch.common.lucene.Directories.estimateSize(Directories.java:40)
	at org.elasticsearch.index.store.Store.stats(Store.java:216)
	at org.elasticsearch.index.shard.service.InternalIndexShard.storeStats(InternalIndexShard.java:540)
	... 8 more
[2015-12-17 17:43:40,446][DEBUG][action.admin.indices.stats] [Prodigy] [blog][2], node[M5VtNW5qSn-By0RPf-3rFQ], [P], s[STARTED]: failed to execute [org.elasticsearch.action.admin.indices.stats.IndicesStatsRequest@6687d615]
org.elasticsearch.ElasticsearchException: io exception while building 'store stats'
	at org.elasticsearch.index.shard.service.InternalIndexShard.storeStats(InternalIndexShard.java:542)
	at org.elasticsearch.action.admin.indices.stats.CommonStats.<init>(CommonStats.java:134)
	at org.elasticsearch.action.admin.indices.stats.ShardStats.<init>(ShardStats.java:49)
	at org.elasticsearch.action.admin.indices.stats.TransportIndicesStatsAction.shardOperation(TransportIndicesStatsAction.java:205)
	at org.elasticsearch.action.admin.indices.stats.TransportIndicesStatsAction.shardOperation(TransportIndicesStatsAction.java:56)
	at org.elasticsearch.action.support.broadcast.TransportBroadcastOperationAction$AsyncBroadcastAction$1.run(TransportBroadcastOperationAction.java:171)
	at java.util.concurrent.ThreadPoolExecutor.runWorker(ThreadPoolExecutor.java:1145)
	at java.util.concurrent.ThreadPoolExecutor$Worker.run(ThreadPoolExecutor.java:615)
	at java.lang.Thread.run(Thread.java:745)
Caused by: org.apache.lucene.store.NoSuchDirectoryException: directory '/home/ubuntu/workspace/elasticsearch-1.4.4/data/elasticsearch/nodes/0/indices/blog/2/index' does not exist
	at org.apache.lucene.store.FSDirectory.listAll(FSDirectory.java:218)
	at org.apache.lucene.store.FSDirectory.listAll(FSDirectory.java:242)
	at org.apache.lucene.store.FileSwitchDirectory.listAll(FileSwitchDirectory.java:87)
	at org.apache.lucene.store.FilterDirectory.listAll(FilterDirectory.java:48)
	at org.elasticsearch.index.store.DistributorDirectory.listAll(DistributorDirectory.java:88)
	at org.apache.lucene.store.FilterDirectory.listAll(FilterDirectory.java:48)
	at org.elasticsearch.common.lucene.Directories.estimateSize(Directories.java:40)
	at org.elasticsearch.index.store.Store.stats(Store.java:216)
	at org.elasticsearch.index.shard.service.InternalIndexShard.storeStats(InternalIndexShard.java:540)
	... 8 more
[2015-12-17 17:43:40,447][DEBUG][action.admin.indices.stats] [Prodigy] [imis][2], node[M5VtNW5qSn-By0RPf-3rFQ], [P], s[STARTED]: failed to execute [org.elasticsearch.action.admin.indices.stats.IndicesStatsRequest@6687d615]
org.elasticsearch.ElasticsearchException: io exception while building 'store stats'
	at org.elasticsearch.index.shard.service.InternalIndexShard.storeStats(InternalIndexShard.java:542)
	at org.elasticsearch.action.admin.indices.stats.CommonStats.<init>(CommonStats.java:134)
	at org.elasticsearch.action.admin.indices.stats.ShardStats.<init>(ShardStats.java:49)
	at org.elasticsearch.action.admin.indices.stats.TransportIndicesStatsAction.shardOperation(TransportIndicesStatsAction.java:205)
	at org.elasticsearch.action.admin.indices.stats.TransportIndicesStatsAction.shardOperation(TransportIndicesStatsAction.java:56)
	at org.elasticsearch.action.support.broadcast.TransportBroadcastOperationAction$AsyncBroadcastAction$1.run(TransportBroadcastOperationAction.java:171)
	at java.util.concurrent.ThreadPoolExecutor.runWorker(ThreadPoolExecutor.java:1145)
	at java.util.concurrent.ThreadPoolExecutor$Worker.run(ThreadPoolExecutor.java:615)
	at java.lang.Thread.run(Thread.java:745)
Caused by: org.apache.lucene.store.NoSuchDirectoryException: directory '/home/ubuntu/workspace/elasticsearch-1.4.4/data/elasticsearch/nodes/0/indices/imis/2/index' does not exist
	at org.apache.lucene.store.FSDirectory.listAll(FSDirectory.java:218)
	at org.apache.lucene.store.FSDirectory.listAll(FSDirectory.java:242)
	at org.apache.lucene.store.FileSwitchDirectory.listAll(FileSwitchDirectory.java:87)
	at org.apache.lucene.store.FilterDirectory.listAll(FilterDirectory.java:48)
	at org.elasticsearch.index.store.DistributorDirectory.listAll(DistributorDirectory.java:88)
	at org.apache.lucene.store.FilterDirectory.listAll(FilterDirectory.java:48)
	at org.elasticsearch.common.lucene.Directories.estimateSize(Directories.java:40)
	at org.elasticsearch.index.store.Store.stats(Store.java:216)
	at org.elasticsearch.index.shard.service.InternalIndexShard.storeStats(InternalIndexShard.java:540)
	... 8 more
[2015-12-17 17:43:40,447][DEBUG][action.admin.indices.stats] [Prodigy] [blog][3], node[M5VtNW5qSn-By0RPf-3rFQ], [P], s[STARTED]: failed to execute [org.elasticsearch.action.admin.indices.stats.IndicesStatsRequest@6687d615]
org.elasticsearch.ElasticsearchException: io exception while building 'store stats'
	at org.elasticsearch.index.shard.service.InternalIndexShard.storeStats(InternalIndexShard.java:542)
	at org.elasticsearch.action.admin.indices.stats.CommonStats.<init>(CommonStats.java:134)
	at org.elasticsearch.action.admin.indices.stats.ShardStats.<init>(ShardStats.java:49)
	at org.elasticsearch.action.admin.indices.stats.TransportIndicesStatsAction.shardOperation(TransportIndicesStatsAction.java:205)
	at org.elasticsearch.action.admin.indices.stats.TransportIndicesStatsAction.shardOperation(TransportIndicesStatsAction.java:56)
	at org.elasticsearch.action.support.broadcast.TransportBroadcastOperationAction$AsyncBroadcastAction$1.run(TransportBroadcastOperationAction.java:171)
	at java.util.concurrent.ThreadPoolExecutor.runWorker(ThreadPoolExecutor.java:1145)
	at java.util.concurrent.ThreadPoolExecutor$Worker.run(ThreadPoolExecutor.java:615)
	at java.lang.Thread.run(Thread.java:745)
Caused by: org.apache.lucene.store.NoSuchDirectoryException: directory '/home/ubuntu/workspace/elasticsearch-1.4.4/data/elasticsearch/nodes/0/indices/blog/3/index' does not exist
	at org.apache.lucene.store.FSDirectory.listAll(FSDirectory.java:218)
	at org.apache.lucene.store.FSDirectory.listAll(FSDirectory.java:242)
	at org.apache.lucene.store.FileSwitchDirectory.listAll(FileSwitchDirectory.java:87)
	at org.apache.lucene.store.FilterDirectory.listAll(FilterDirectory.java:48)
	at org.elasticsearch.index.store.DistributorDirectory.listAll(DistributorDirectory.java:88)
	at org.apache.lucene.store.FilterDirectory.listAll(FilterDirectory.java:48)
	at org.elasticsearch.common.lucene.Directories.estimateSize(Directories.java:40)
	at org.elasticsearch.index.store.Store.stats(Store.java:216)
	at org.elasticsearch.index.shard.service.InternalIndexShard.storeStats(InternalIndexShard.java:540)
	... 8 more
[2015-12-17 17:43:40,448][DEBUG][action.admin.indices.stats] [Prodigy] [imis][3], node[M5VtNW5qSn-By0RPf-3rFQ], [P], s[STARTED]: failed to execute [org.elasticsearch.action.admin.indices.stats.IndicesStatsRequest@6687d615]
org.elasticsearch.ElasticsearchException: io exception while building 'store stats'
	at org.elasticsearch.index.shard.service.InternalIndexShard.storeStats(InternalIndexShard.java:542)
	at org.elasticsearch.action.admin.indices.stats.CommonStats.<init>(CommonStats.java:134)
	at org.elasticsearch.action.admin.indices.stats.ShardStats.<init>(ShardStats.java:49)
	at org.elasticsearch.action.admin.indices.stats.TransportIndicesStatsAction.shardOperation(TransportIndicesStatsAction.java:205)
	at org.elasticsearch.action.admin.indices.stats.TransportIndicesStatsAction.shardOperation(TransportIndicesStatsAction.java:56)
	at org.elasticsearch.action.support.broadcast.TransportBroadcastOperationAction$AsyncBroadcastAction$1.run(TransportBroadcastOperationAction.java:171)
	at java.util.concurrent.ThreadPoolExecutor.runWorker(ThreadPoolExecutor.java:1145)
	at java.util.concurrent.ThreadPoolExecutor$Worker.run(ThreadPoolExecutor.java:615)
	at java.lang.Thread.run(Thread.java:745)
Caused by: org.apache.lucene.store.NoSuchDirectoryException: directory '/home/ubuntu/workspace/elasticsearch-1.4.4/data/elasticsearch/nodes/0/indices/imis/3/index' does not exist
	at org.apache.lucene.store.FSDirectory.listAll(FSDirectory.java:218)
	at org.apache.lucene.store.FSDirectory.listAll(FSDirectory.java:242)
	at org.apache.lucene.store.FileSwitchDirectory.listAll(FileSwitchDirectory.java:87)
	at org.apache.lucene.store.FilterDirectory.listAll(FilterDirectory.java:48)
	at org.elasticsearch.index.store.DistributorDirectory.listAll(DistributorDirectory.java:88)
	at org.apache.lucene.store.FilterDirectory.listAll(FilterDirectory.java:48)
	at org.elasticsearch.common.lucene.Directories.estimateSize(Directories.java:40)
	at org.elasticsearch.index.store.Store.stats(Store.java:216)
	at org.elasticsearch.index.shard.service.InternalIndexShard.storeStats(InternalIndexShard.java:540)
	... 8 more
[2015-12-17 17:43:40,448][DEBUG][action.admin.indices.stats] [Prodigy] [blog][4], node[M5VtNW5qSn-By0RPf-3rFQ], [P], s[STARTED]: failed to execute [org.elasticsearch.action.admin.indices.stats.IndicesStatsRequest@6687d615]
org.elasticsearch.ElasticsearchException: io exception while building 'store stats'
	at org.elasticsearch.index.shard.service.InternalIndexShard.storeStats(InternalIndexShard.java:542)
	at org.elasticsearch.action.admin.indices.stats.CommonStats.<init>(CommonStats.java:134)
	at org.elasticsearch.action.admin.indices.stats.ShardStats.<init>(ShardStats.java:49)
	at org.elasticsearch.action.admin.indices.stats.TransportIndicesStatsAction.shardOperation(TransportIndicesStatsAction.java:205)
	at org.elasticsearch.action.admin.indices.stats.TransportIndicesStatsAction.shardOperation(TransportIndicesStatsAction.java:56)
	at org.elasticsearch.action.support.broadcast.TransportBroadcastOperationAction$AsyncBroadcastAction$1.run(TransportBroadcastOperationAction.java:171)
	at java.util.concurrent.ThreadPoolExecutor.runWorker(ThreadPoolExecutor.java:1145)
	at java.util.concurrent.ThreadPoolExecutor$Worker.run(ThreadPoolExecutor.java:615)
	at java.lang.Thread.run(Thread.java:745)
Caused by: org.apache.lucene.store.NoSuchDirectoryException: directory '/home/ubuntu/workspace/elasticsearch-1.4.4/data/elasticsearch/nodes/0/indices/blog/4/index' does not exist
	at org.apache.lucene.store.FSDirectory.listAll(FSDirectory.java:218)
	at org.apache.lucene.store.FSDirectory.listAll(FSDirectory.java:242)
	at org.apache.lucene.store.FileSwitchDirectory.listAll(FileSwitchDirectory.java:87)
	at org.apache.lucene.store.FilterDirectory.listAll(FilterDirectory.java:48)
	at org.elasticsearch.index.store.DistributorDirectory.listAll(DistributorDirectory.java:88)
	at org.apache.lucene.store.FilterDirectory.listAll(FilterDirectory.java:48)
	at org.elasticsearch.common.lucene.Directories.estimateSize(Directories.java:40)
	at org.elasticsearch.index.store.Store.stats(Store.java:216)
	at org.elasticsearch.index.shard.service.InternalIndexShard.storeStats(InternalIndexShard.java:540)
	... 8 more
[2015-12-17 17:43:40,449][DEBUG][action.admin.indices.stats] [Prodigy] [imis][4], node[M5VtNW5qSn-By0RPf-3rFQ], [P], s[STARTED]: failed to execute [org.elasticsearch.action.admin.indices.stats.IndicesStatsRequest@6687d615]
org.elasticsearch.ElasticsearchException: io exception while building 'store stats'
	at org.elasticsearch.index.shard.service.InternalIndexShard.storeStats(InternalIndexShard.java:542)
	at org.elasticsearch.action.admin.indices.stats.CommonStats.<init>(CommonStats.java:134)
	at org.elasticsearch.action.admin.indices.stats.ShardStats.<init>(ShardStats.java:49)
	at org.elasticsearch.action.admin.indices.stats.TransportIndicesStatsAction.shardOperation(TransportIndicesStatsAction.java:205)
	at org.elasticsearch.action.admin.indices.stats.TransportIndicesStatsAction.shardOperation(TransportIndicesStatsAction.java:56)
	at org.elasticsearch.action.support.broadcast.TransportBroadcastOperationAction$AsyncBroadcastAction$1.run(TransportBroadcastOperationAction.java:171)
	at java.util.concurrent.ThreadPoolExecutor.runWorker(ThreadPoolExecutor.java:1145)
	at java.util.concurrent.ThreadPoolExecutor$Worker.run(ThreadPoolExecutor.java:615)
	at java.lang.Thread.run(Thread.java:745)
Caused by: org.apache.lucene.store.NoSuchDirectoryException: directory '/home/ubuntu/workspace/elasticsearch-1.4.4/data/elasticsearch/nodes/0/indices/imis/4/index' does not exist
	at org.apache.lucene.store.FSDirectory.listAll(FSDirectory.java:218)
	at org.apache.lucene.store.FSDirectory.listAll(FSDirectory.java:242)
	at org.apache.lucene.store.FileSwitchDirectory.listAll(FileSwitchDirectory.java:87)
	at org.apache.lucene.store.FilterDirectory.listAll(FilterDirectory.java:48)
	at org.elasticsearch.index.store.DistributorDirectory.listAll(DistributorDirectory.java:88)
	at org.apache.lucene.store.FilterDirectory.listAll(FilterDirectory.java:48)
	at org.elasticsearch.common.lucene.Directories.estimateSize(Directories.java:40)
	at org.elasticsearch.index.store.Store.stats(Store.java:216)
	at org.elasticsearch.index.shard.service.InternalIndexShard.storeStats(InternalIndexShard.java:540)
	... 8 more
[2015-12-17 17:43:40,439][DEBUG][action.admin.indices.stats] [Prodigy] [.marvel-2015.12.15][0], node[M5VtNW5qSn-By0RPf-3rFQ], [P], s[STARTED]: failed to execute [org.elasticsearch.action.admin.indices.stats.IndicesStatsRequest@6687d615]
org.elasticsearch.ElasticsearchException: io exception while building 'store stats'
	at org.elasticsearch.index.shard.service.InternalIndexShard.storeStats(InternalIndexShard.java:542)
	at org.elasticsearch.action.admin.indices.stats.CommonStats.<init>(CommonStats.java:134)
	at org.elasticsearch.action.admin.indices.stats.ShardStats.<init>(ShardStats.java:49)
	at org.elasticsearch.action.admin.indices.stats.TransportIndicesStatsAction.shardOperation(TransportIndicesStatsAction.java:205)
	at org.elasticsearch.action.admin.indices.stats.TransportIndicesStatsAction.shardOperation(TransportIndicesStatsAction.java:56)
	at org.elasticsearch.action.support.broadcast.TransportBroadcastOperationAction$AsyncBroadcastAction$1.run(TransportBroadcastOperationAction.java:171)
	at java.util.concurrent.ThreadPoolExecutor.runWorker(ThreadPoolExecutor.java:1145)
	at java.util.concurrent.ThreadPoolExecutor$Worker.run(ThreadPoolExecutor.java:615)
	at java.lang.Thread.run(Thread.java:745)
Caused by: org.apache.lucene.store.NoSuchDirectoryException: directory '/home/ubuntu/workspace/elasticsearch-1.4.4/data/elasticsearch/nodes/0/indices/.marvel-2015.12.15/0/index' does not exist
	at org.apache.lucene.store.FSDirectory.listAll(FSDirectory.java:218)
	at org.apache.lucene.store.FSDirectory.listAll(FSDirectory.java:242)
	at org.apache.lucene.store.FileSwitchDirectory.listAll(FileSwitchDirectory.java:87)
	at org.apache.lucene.store.FilterDirectory.listAll(FilterDirectory.java:48)
	at org.elasticsearch.index.store.DistributorDirectory.listAll(DistributorDirectory.java:88)
	at org.apache.lucene.store.FilterDirectory.listAll(FilterDirectory.java:48)
	at org.elasticsearch.common.lucene.Directories.estimateSize(Directories.java:40)
	at org.elasticsearch.index.store.Store.stats(Store.java:216)
	at org.elasticsearch.index.shard.service.InternalIndexShard.storeStats(InternalIndexShard.java:540)
	... 8 more
[2015-12-17 17:43:40,439][DEBUG][action.admin.indices.stats] [Prodigy] [.marvel-2015.12.17][0], node[M5VtNW5qSn-By0RPf-3rFQ], [P], s[STARTED]: failed to execute [org.elasticsearch.action.admin.indices.stats.IndicesStatsRequest@6687d615]
org.elasticsearch.ElasticsearchException: io exception while building 'store stats'
	at org.elasticsearch.index.shard.service.InternalIndexShard.storeStats(InternalIndexShard.java:542)
	at org.elasticsearch.action.admin.indices.stats.CommonStats.<init>(CommonStats.java:134)
	at org.elasticsearch.action.admin.indices.stats.ShardStats.<init>(ShardStats.java:49)
	at org.elasticsearch.action.admin.indices.stats.TransportIndicesStatsAction.shardOperation(TransportIndicesStatsAction.java:205)
	at org.elasticsearch.action.admin.indices.stats.TransportIndicesStatsAction.shardOperation(TransportIndicesStatsAction.java:56)
	at org.elasticsearch.action.support.broadcast.TransportBroadcastOperationAction$AsyncBroadcastAction$1.run(TransportBroadcastOperationAction.java:171)
	at java.util.concurrent.ThreadPoolExecutor.runWorker(ThreadPoolExecutor.java:1145)
	at java.util.concurrent.ThreadPoolExecutor$Worker.run(ThreadPoolExecutor.java:615)
	at java.lang.Thread.run(Thread.java:745)
Caused by: org.apache.lucene.store.NoSuchDirectoryException: directory '/home/ubuntu/workspace/elasticsearch-1.4.4/data/elasticsearch/nodes/0/indices/.marvel-2015.12.17/0/index' does not exist
	at org.apache.lucene.store.FSDirectory.listAll(FSDirectory.java:218)
	at org.apache.lucene.store.FSDirectory.listAll(FSDirectory.java:242)
	at org.apache.lucene.store.FileSwitchDirectory.listAll(FileSwitchDirectory.java:87)
	at org.apache.lucene.store.FilterDirectory.listAll(FilterDirectory.java:48)
	at org.elasticsearch.index.store.DistributorDirectory.listAll(DistributorDirectory.java:88)
	at org.apache.lucene.store.FilterDirectory.listAll(FilterDirectory.java:48)
	at org.elasticsearch.common.lucene.Directories.estimateSize(Directories.java:40)
	at org.elasticsearch.index.store.Store.stats(Store.java:216)
	at org.elasticsearch.index.shard.service.InternalIndexShard.storeStats(InternalIndexShard.java:540)
	... 8 more
[2015-12-17 17:43:40,438][DEBUG][action.admin.indices.stats] [Prodigy] [blog][0], node[M5VtNW5qSn-By0RPf-3rFQ], [P], s[STARTED]: failed to execute [org.elasticsearch.action.admin.indices.stats.IndicesStatsRequest@6687d615]
org.elasticsearch.ElasticsearchException: io exception while building 'store stats'
	at org.elasticsearch.index.shard.service.InternalIndexShard.storeStats(InternalIndexShard.java:542)
	at org.elasticsearch.action.admin.indices.stats.CommonStats.<init>(CommonStats.java:134)
	at org.elasticsearch.action.admin.indices.stats.ShardStats.<init>(ShardStats.java:49)
	at org.elasticsearch.action.admin.indices.stats.TransportIndicesStatsAction.shardOperation(TransportIndicesStatsAction.java:205)
	at org.elasticsearch.action.admin.indices.stats.TransportIndicesStatsAction.shardOperation(TransportIndicesStatsAction.java:56)
	at org.elasticsearch.action.support.broadcast.TransportBroadcastOperationAction$AsyncBroadcastAction$1.run(TransportBroadcastOperationAction.java:171)
	at java.util.concurrent.ThreadPoolExecutor.runWorker(ThreadPoolExecutor.java:1145)
	at java.util.concurrent.ThreadPoolExecutor$Worker.run(ThreadPoolExecutor.java:615)
	at java.lang.Thread.run(Thread.java:745)
Caused by: org.apache.lucene.store.NoSuchDirectoryException: directory '/home/ubuntu/workspace/elasticsearch-1.4.4/data/elasticsearch/nodes/0/indices/blog/0/index' does not exist
	at org.apache.lucene.store.FSDirectory.listAll(FSDirectory.java:218)
	at org.apache.lucene.store.FSDirectory.listAll(FSDirectory.java:242)
	at org.apache.lucene.store.FileSwitchDirectory.listAll(FileSwitchDirectory.java:87)
	at org.apache.lucene.store.FilterDirectory.listAll(FilterDirectory.java:48)
	at org.elasticsearch.index.store.DistributorDirectory.listAll(DistributorDirectory.java:88)
	at org.apache.lucene.store.FilterDirectory.listAll(FilterDirectory.java:48)
	at org.elasticsearch.common.lucene.Directories.estimateSize(Directories.java:40)
	at org.elasticsearch.index.store.Store.stats(Store.java:216)
	at org.elasticsearch.index.shard.service.InternalIndexShard.storeStats(InternalIndexShard.java:540)
	... 8 more
[2015-12-17 17:43:42,118][ERROR][marvel.agent             ] [Prodigy] Background thread had an uncaught exception:
org.elasticsearch.ElasticsearchException: io exception while building 'store stats'
	at org.elasticsearch.index.shard.service.InternalIndexShard.storeStats(InternalIndexShard.java:542)
	at org.elasticsearch.action.admin.indices.stats.CommonStats.<init>(CommonStats.java:134)
	at org.elasticsearch.action.admin.indices.stats.ShardStats.<init>(ShardStats.java:49)
	at org.elasticsearch.indices.InternalIndicesService.stats(InternalIndicesService.java:212)
	at org.elasticsearch.indices.InternalIndicesService.stats(InternalIndicesService.java:172)
	at org.elasticsearch.node.service.NodeService.stats(NodeService.java:138)
	at org.elasticsearch.marvel.agent.AgentService$ExportingWorker.exportNodeStats(AgentService.java:342)
	at org.elasticsearch.marvel.agent.AgentService$ExportingWorker.run(AgentService.java:254)
	at java.lang.Thread.run(Thread.java:745)
Caused by: org.apache.lucene.store.NoSuchDirectoryException: directory '/home/ubuntu/workspace/elasticsearch-1.4.4/data/elasticsearch/nodes/0/indices/.marvel-2015.12.15/0/index' does not exist
	at org.apache.lucene.store.FSDirectory.listAll(FSDirectory.java:218)
	at org.apache.lucene.store.FSDirectory.listAll(FSDirectory.java:242)
	at org.apache.lucene.store.FileSwitchDirectory.listAll(FileSwitchDirectory.java:87)
	at org.apache.lucene.store.FilterDirectory.listAll(FilterDirectory.java:48)
	at org.elasticsearch.index.store.DistributorDirectory.listAll(DistributorDirectory.java:88)
	at org.apache.lucene.store.FilterDirectory.listAll(FilterDirectory.java:48)
	at org.elasticsearch.common.lucene.Directories.estimateSize(Directories.java:40)
	at org.elasticsearch.index.store.Store.stats(Store.java:216)
	at org.elasticsearch.index.shard.service.InternalIndexShard.storeStats(InternalIndexShard.java:540)
	... 8 more
[2015-12-17 17:43:52,119][ERROR][marvel.agent             ] [Prodigy] Background thread had an uncaught exception:
org.elasticsearch.ElasticsearchException: io exception while building 'store stats'
	at org.elasticsearch.index.shard.service.InternalIndexShard.storeStats(InternalIndexShard.java:542)
	at org.elasticsearch.action.admin.indices.stats.CommonStats.<init>(CommonStats.java:134)
	at org.elasticsearch.action.admin.indices.stats.ShardStats.<init>(ShardStats.java:49)
	at org.elasticsearch.indices.InternalIndicesService.stats(InternalIndicesService.java:212)
	at org.elasticsearch.indices.InternalIndicesService.stats(InternalIndicesService.java:172)
	at org.elasticsearch.node.service.NodeService.stats(NodeService.java:138)
	at org.elasticsearch.marvel.agent.AgentService$ExportingWorker.exportNodeStats(AgentService.java:342)
	at org.elasticsearch.marvel.agent.AgentService$ExportingWorker.run(AgentService.java:254)
	at java.lang.Thread.run(Thread.java:745)
Caused by: org.apache.lucene.store.NoSuchDirectoryException: directory '/home/ubuntu/workspace/elasticsearch-1.4.4/data/elasticsearch/nodes/0/indices/.marvel-2015.12.15/0/index' does not exist
	at org.apache.lucene.store.FSDirectory.listAll(FSDirectory.java:218)
	at org.apache.lucene.store.FSDirectory.listAll(FSDirectory.java:242)
	at org.apache.lucene.store.FileSwitchDirectory.listAll(FileSwitchDirectory.java:87)
	at org.apache.lucene.store.FilterDirectory.listAll(FilterDirectory.java:48)
	at org.elasticsearch.index.store.DistributorDirectory.listAll(DistributorDirectory.java:88)
	at org.apache.lucene.store.FilterDirectory.listAll(FilterDirectory.java:48)
	at org.elasticsearch.common.lucene.Directories.estimateSize(Directories.java:40)
	at org.elasticsearch.index.store.Store.stats(Store.java:216)
	at org.elasticsearch.index.shard.service.InternalIndexShard.storeStats(InternalIndexShard.java:540)
	... 8 more
[2015-12-17 17:44:02,120][ERROR][marvel.agent             ] [Prodigy] Background thread had an uncaught exception:
org.elasticsearch.ElasticsearchException: io exception while building 'store stats'
	at org.elasticsearch.index.shard.service.InternalIndexShard.storeStats(InternalIndexShard.java:542)
	at org.elasticsearch.action.admin.indices.stats.CommonStats.<init>(CommonStats.java:134)
	at org.elasticsearch.action.admin.indices.stats.ShardStats.<init>(ShardStats.java:49)
	at org.elasticsearch.indices.InternalIndicesService.stats(InternalIndicesService.java:212)
	at org.elasticsearch.indices.InternalIndicesService.stats(InternalIndicesService.java:172)
	at org.elasticsearch.node.service.NodeService.stats(NodeService.java:138)
	at org.elasticsearch.marvel.agent.AgentService$ExportingWorker.exportNodeStats(AgentService.java:342)
	at org.elasticsearch.marvel.agent.AgentService$ExportingWorker.run(AgentService.java:254)
	at java.lang.Thread.run(Thread.java:745)
Caused by: org.apache.lucene.store.NoSuchDirectoryException: directory '/home/ubuntu/workspace/elasticsearch-1.4.4/data/elasticsearch/nodes/0/indices/.marvel-2015.12.15/0/index' does not exist
	at org.apache.lucene.store.FSDirectory.listAll(FSDirectory.java:218)
	at org.apache.lucene.store.FSDirectory.listAll(FSDirectory.java:242)
	at org.apache.lucene.store.FileSwitchDirectory.listAll(FileSwitchDirectory.java:87)
	at org.apache.lucene.store.FilterDirectory.listAll(FilterDirectory.java:48)
	at org.elasticsearch.index.store.DistributorDirectory.listAll(DistributorDirectory.java:88)
	at org.apache.lucene.store.FilterDirectory.listAll(FilterDirectory.java:48)
	at org.elasticsearch.common.lucene.Directories.estimateSize(Directories.java:40)
	at org.elasticsearch.index.store.Store.stats(Store.java:216)
	at org.elasticsearch.index.shard.service.InternalIndexShard.storeStats(InternalIndexShard.java:540)
	... 8 more
